/projects/p30771/miniscope/dataFinalesLinearTrack/ell_traces_Mouse3Day5cellTracesAlignedToTracking.csv
MATLAB is selecting SOFTWARE OPENGL rendering.

                            < M A T L A B (R) >
                  Copyright 1984-2023 The MathWorks, Inc.
             R2023b Update 7 (23.2.0.2515942) 64-bit (glnxa64)
                              January 30, 2024

 
To get started, type doc.
For product information, visit www.mathworks.com.
 
loading
/projects/p30771/miniscope/dataFinalesLinearTrack/ell_traces_Mouse3Day5cellTracesAlignedToTracking.csv
[Warning: Column headers from the file were modified to make them valid MATLAB
identifiers before creating variable names for the table. The original column
headers are saved in the VariableDescriptions property.
Set 'VariableNamingRule' to 'preserve' to use the original column headers as
table variable names.] 
calculating signal peaks...
=== manageParallelWorkers ===
# Physical Cores: 16
# Logical Cores: 16
User set cores: 
Max cores: 
# workers to open: 15
Starting parallel pool (parpool) using the 'local' profile ...
Connected to parallel pool with 15 workers.
===
0|3|7|10|13|17|20|23|27|30|33|37|40|43|47|50|53|57|60|63|67|70|73|77|80|83|87|90|93|97|100

ans =

   126

{Error using h5create>create_dataset
The dataset '/MI_perCell' already exists.

Error in h5create (line 109)
create_dataset(options);

Error in placeCellAnalysisJJMquest (line 164)
h5create(h5FilePath, datasetName, size(MI_perCellperBin), 'Datatype', 'double');

Error in run (line 99)
evalin('caller', strcat(script, ';'));
} 
Parallel pool using the 'Processes' profile is shutting down.
finished analysis
