/projects/p30771/miniscope/dataFinalesLinearTrack/ell_traces_Mouse1Day4cellTracesAlignedToTracking.csv
MATLAB is selecting SOFTWARE OPENGL rendering.

                            < M A T L A B (R) >
                  Copyright 1984-2023 The MathWorks, Inc.
             R2023b Update 7 (23.2.0.2515942) 64-bit (glnxa64)
                              January 30, 2024

 
To get started, type doc.
For product information, visit www.mathworks.com.
 
loading
/projects/p30771/miniscope/dataFinalesLinearTrack/ell_traces_Mouse1Day4cellTracesAlignedToTracking.csv
[Warning: Column headers from the file were modified to make them valid MATLAB
identifiers before creating variable names for the table. The original column
headers are saved in the VariableDescriptions property.
Set 'VariableNamingRule' to 'preserve' to use the original column headers as
table variable names.] 
{Unrecognized function or variable 'cellTraces'.

Error in placeCellAnalysisJJMquest (line 42)
[signalPeaks] = computeSignalPeaks(table2array(cellTraces), 'doMovAvg', 0, 'reportMidpoint', 1, 'numStdsForThresh', 2.5);

Error in run (line 99)
evalin('caller', strcat(script, ';'));
} 
finished analysis
